This is pdfTeX, Version 3.141592653-2.6-1.40.24 (TeX Live 2022/Debian) (preloaded format=pdflatex 2025.1.12)  14 JAN 2025 14:20
entering extended mode
 restricted \write18 enabled.
 %&-line parsing enabled.
**"Guida all'ambientazione di Islena.tex"
(./Guida all'ambientazione di Islena.tex
LaTeX2e <2022-11-01> patch level 1
L3 programming layer <2023-01-16>
(/usr/share/texlive/texmf-dist/tex/latex/base/report.cls
Document Class: report 2022/07/02 v1.4n Standard LaTeX document class
(/usr/share/texlive/texmf-dist/tex/latex/base/size10.clo
File: size10.clo 2022/07/02 v1.4n Standard LaTeX file (size option)
)
\c@part=\count185
\c@chapter=\count186
\c@section=\count187
\c@subsection=\count188
\c@subsubsection=\count189
\c@paragraph=\count190
\c@subparagraph=\count191
\c@figure=\count192
\c@table=\count193
\abovecaptionskip=\skip48
\belowcaptionskip=\skip49
\bibindent=\dimen140
)
(/usr/share/texlive/texmf-dist/tex/latex/base/inputenc.sty
Package: inputenc 2021/02/14 v1.3d Input encoding file
\inpenc@prehook=\toks16
\inpenc@posthook=\toks17
)
(/usr/share/texlive/texmf-dist/tex/latex/geometry/geometry.sty
Package: geometry 2020/01/02 v5.9 Page Geometry

(/usr/share/texlive/texmf-dist/tex/latex/graphics/keyval.sty
Package: keyval 2022/05/29 v1.15 key=value parser (DPC)
\KV@toks@=\toks18
)
(/usr/share/texlive/texmf-dist/tex/generic/iftex/ifvtex.sty
Package: ifvtex 2019/10/25 v1.7 ifvtex legacy package. Use iftex instead.

(/usr/share/texlive/texmf-dist/tex/generic/iftex/iftex.sty
Package: iftex 2022/02/03 v1.0f TeX engine tests
))
\Gm@cnth=\count194
\Gm@cntv=\count195
\c@Gm@tempcnt=\count196
\Gm@bindingoffset=\dimen141
\Gm@wd@mp=\dimen142
\Gm@odd@mp=\dimen143
\Gm@even@mp=\dimen144
\Gm@layoutwidth=\dimen145
\Gm@layoutheight=\dimen146
\Gm@layouthoffset=\dimen147
\Gm@layoutvoffset=\dimen148
\Gm@dimlist=\toks19
)
(/usr/share/texlive/texmf-dist/tex/latex/graphics/graphicx.sty
Package: graphicx 2021/09/16 v1.2d Enhanced LaTeX Graphics (DPC,SPQR)

(/usr/share/texlive/texmf-dist/tex/latex/graphics/graphics.sty
Package: graphics 2022/03/10 v1.4e Standard LaTeX Graphics (DPC,SPQR)

(/usr/share/texlive/texmf-dist/tex/latex/graphics/trig.sty
Package: trig 2021/08/11 v1.11 sin cos tan (DPC)
)
(/usr/share/texlive/texmf-dist/tex/latex/graphics-cfg/graphics.cfg
File: graphics.cfg 2016/06/04 v1.11 sample graphics configuration
)
Package graphics Info: Driver file: pdftex.def on input line 107.

(/usr/share/texlive/texmf-dist/tex/latex/graphics-def/pdftex.def
File: pdftex.def 2022/09/22 v1.2b Graphics/color driver for pdftex
))
\Gin@req@height=\dimen149
\Gin@req@width=\dimen150
)
(/usr/share/texlive/texmf-dist/tex/latex/titlesec/titlesec.sty
Package: titlesec 2021/07/05 v2.14 Sectioning titles
\ttl@box=\box51
\beforetitleunit=\skip50
\aftertitleunit=\skip51
\ttl@plus=\dimen151
\ttl@minus=\dimen152
\ttl@toksa=\toks20
\titlewidth=\dimen153
\titlewidthlast=\dimen154
\titlewidthfirst=\dimen155
)
(/usr/share/texlive/texmf-dist/tex/latex/graphics/color.sty
Package: color 2022/01/06 v1.3d Standard LaTeX Color (DPC)

(/usr/share/texlive/texmf-dist/tex/latex/graphics-cfg/color.cfg
File: color.cfg 2016/01/02 v1.6 sample color configuration
)
Package color Info: Driver file: pdftex.def on input line 149.

(/usr/share/texlive/texmf-dist/tex/latex/graphics/mathcolor.ltx))
(/usr/share/texlive/texmf-dist/tex/latex/xcolor/xcolor.sty
Package: xcolor 2022/06/12 v2.14 LaTeX color extensions (UK)

(/usr/share/texlive/texmf-dist/tex/latex/graphics-cfg/color.cfg
File: color.cfg 2016/01/02 v1.6 sample color configuration
)
Package xcolor Info: Driver file: pdftex.def on input line 227.
LaTeX Info: Redefining \color on input line 711.

(/usr/share/texlive/texmf-dist/tex/latex/graphics/mathcolor.ltx)
Package xcolor Info: Model `cmy' substituted by `cmy0' on input line 1353.
Package xcolor Info: Model `hsb' substituted by `rgb' on input line 1357.
Package xcolor Info: Model `RGB' extended on input line 1369.
Package xcolor Info: Model `HTML' substituted by `rgb' on input line 1371.
Package xcolor Info: Model `Hsb' substituted by `hsb' on input line 1372.
Package xcolor Info: Model `tHsb' substituted by `hsb' on input line 1373.
Package xcolor Info: Model `HSB' substituted by `hsb' on input line 1374.
Package xcolor Info: Model `Gray' substituted by `gray' on input line 1375.
Package xcolor Info: Model `wave' substituted by `hsb' on input line 1376.

(/usr/share/texlive/texmf-dist/tex/latex/xcolor/svgnam.def
File: svgnam.def 2022/06/12 v2.14 Predefined colors according to SVG 1.1 (UK)
))
(/usr/share/texlive/texmf-dist/tex/latex/float/float.sty
Package: float 2001/11/08 v1.3d Float enhancements (AL)
\c@float@type=\count197
\float@exts=\toks21
\float@box=\box52
\@float@everytoks=\toks22
\@floatcapt=\box53
)
(/usr/share/texlive/texmf-dist/tex/latex/multirow/multirow.sty
Package: multirow 2021/03/15 v2.8 Span multiple rows of a table
\multirow@colwidth=\skip52
\multirow@cntb=\count198
\multirow@dima=\skip53
\bigstrutjot=\dimen156
)
(/usr/share/texlive/texmf-dist/tex/latex/tools/multicol.sty
Package: multicol 2021/11/30 v1.9d multicolumn formatting (FMi)
\c@tracingmulticols=\count199
\mult@box=\box54
\multicol@leftmargin=\dimen157
\c@unbalance=\count266
\c@collectmore=\count267
\doublecol@number=\count268
\multicoltolerance=\count269
\multicolpretolerance=\count270
\full@width=\dimen158
\page@free=\dimen159
\premulticols=\dimen160
\postmulticols=\dimen161
\multicolsep=\skip54
\multicolbaselineskip=\skip55
\partial@page=\box55
\last@line=\box56
\maxbalancingoverflow=\dimen162
\mult@rightbox=\box57
\mult@grightbox=\box58
\mult@firstbox=\box59
\mult@gfirstbox=\box60
\@tempa=\box61
\@tempa=\box62
\@tempa=\box63
\@tempa=\box64
\@tempa=\box65
\@tempa=\box66
\@tempa=\box67
\@tempa=\box68
\@tempa=\box69
\@tempa=\box70
\@tempa=\box71
\@tempa=\box72
\@tempa=\box73
\@tempa=\box74
\@tempa=\box75
\@tempa=\box76
\@tempa=\box77
\@tempa=\box78
\@tempa=\box79
\@tempa=\box80
\@tempa=\box81
\@tempa=\box82
\@tempa=\box83
\@tempa=\box84
\@tempa=\box85
\@tempa=\box86
\@tempa=\box87
\@tempa=\box88
\@tempa=\box89
\@tempa=\box90
\@tempa=\box91
\@tempa=\box92
\@tempa=\box93
\@tempa=\box94
\@tempa=\box95
\@tempa=\box96
\c@minrows=\count271
\c@columnbadness=\count272
\c@finalcolumnbadness=\count273
\last@try=\dimen163
\multicolovershoot=\dimen164
\multicolundershoot=\dimen165
\mult@nat@firstbox=\box97
\colbreak@box=\box98
\mc@col@check@num=\count274
)
(/usr/share/texlive/texmf-dist/tex/generic/babel/babel.sty
Package: babel 2022/12/26 3.84 The Babel package
\babel@savecnt=\count275
\U@D=\dimen166
\l@unhyphenated=\language87

(/usr/share/texlive/texmf-dist/tex/generic/babel/txtbabel.def)
\bbl@readstream=\read2
\bbl@dirlevel=\count276

(/usr/share/texlive/texmf-dist/tex/generic/babel-italian/italian.ldf
Language: italian 2022/03/27 v.1.4.07 Italian support for the babel system
\it@lettering=\count277
\it@doublequoteactive=\count278
\it@ISOcompliance=\count279
))
(/usr/share/texlive/texmf-dist/tex/generic/babel/locale/it/babel-italian.tex
Package babel Info: Importing font and identification data for italian
(babel)             from babel-it.ini. Reported on input line 11.
)
(/usr/share/texlive/texmf-dist/tex/latex/etoolbox/etoolbox.sty
Package: etoolbox 2020/10/05 v2.5k e-TeX tools for LaTeX (JAW)
\etb@tempcnta=\count280
)
(/usr/share/texlive/texmf-dist/tex/latex/bookmark/bookmark.sty
Package: bookmark 2020-11-06 v1.29 PDF bookmarks (HO)

(/usr/share/texlive/texmf-dist/tex/latex/hyperref/hyperref.sty
Package: hyperref 2022-11-13 v7.00u Hypertext links for LaTeX

(/usr/share/texlive/texmf-dist/tex/generic/ltxcmds/ltxcmds.sty
Package: ltxcmds 2020-05-10 v1.25 LaTeX kernel commands for general use (HO)
)
(/usr/share/texlive/texmf-dist/tex/generic/pdftexcmds/pdftexcmds.sty
Package: pdftexcmds 2020-06-27 v0.33 Utility functions of pdfTeX for LuaTeX (HO
)

(/usr/share/texlive/texmf-dist/tex/generic/infwarerr/infwarerr.sty
Package: infwarerr 2019/12/03 v1.5 Providing info/warning/error messages (HO)
)
Package pdftexcmds Info: \pdf@primitive is available.
Package pdftexcmds Info: \pdf@ifprimitive is available.
Package pdftexcmds Info: \pdfdraftmode found.
)
(/usr/share/texlive/texmf-dist/tex/latex/kvsetkeys/kvsetkeys.sty
Package: kvsetkeys 2022-10-05 v1.19 Key value parser (HO)
)
(/usr/share/texlive/texmf-dist/tex/generic/kvdefinekeys/kvdefinekeys.sty
Package: kvdefinekeys 2019-12-19 v1.6 Define keys (HO)
)
(/usr/share/texlive/texmf-dist/tex/generic/pdfescape/pdfescape.sty
Package: pdfescape 2019/12/09 v1.15 Implements pdfTeX's escape features (HO)
)
(/usr/share/texlive/texmf-dist/tex/latex/hycolor/hycolor.sty
Package: hycolor 2020-01-27 v1.10 Color options for hyperref/bookmark (HO)
)
(/usr/share/texlive/texmf-dist/tex/latex/letltxmacro/letltxmacro.sty
Package: letltxmacro 2019/12/03 v1.6 Let assignment for LaTeX macros (HO)
)
(/usr/share/texlive/texmf-dist/tex/latex/auxhook/auxhook.sty
Package: auxhook 2019-12-17 v1.6 Hooks for auxiliary files (HO)
)
(/usr/share/texlive/texmf-dist/tex/latex/hyperref/nameref.sty
Package: nameref 2022-05-17 v2.50 Cross-referencing by name of section

(/usr/share/texlive/texmf-dist/tex/latex/refcount/refcount.sty
Package: refcount 2019/12/15 v3.6 Data extraction from label references (HO)
)
(/usr/share/texlive/texmf-dist/tex/generic/gettitlestring/gettitlestring.sty
Package: gettitlestring 2019/12/15 v1.6 Cleanup title references (HO)

(/usr/share/texlive/texmf-dist/tex/latex/kvoptions/kvoptions.sty
Package: kvoptions 2022-06-15 v3.15 Key value format for package options (HO)
))
\c@section@level=\count281
)
\@linkdim=\dimen167
\Hy@linkcounter=\count282
\Hy@pagecounter=\count283

(/usr/share/texlive/texmf-dist/tex/latex/hyperref/pd1enc.def
File: pd1enc.def 2022-11-13 v7.00u Hyperref: PDFDocEncoding definition (HO)
Now handling font encoding PD1 ...
... no UTF-8 mapping file for font encoding PD1
)
(/usr/share/texlive/texmf-dist/tex/generic/intcalc/intcalc.sty
Package: intcalc 2019/12/15 v1.3 Expandable calculations with integers (HO)
)
(/usr/share/texlive/texmf-dist/tex/generic/etexcmds/etexcmds.sty
Package: etexcmds 2019/12/15 v1.7 Avoid name clashes with e-TeX commands (HO)
)
\Hy@SavedSpaceFactor=\count284

(/usr/share/texlive/texmf-dist/tex/latex/hyperref/puenc.def
File: puenc.def 2022-11-13 v7.00u Hyperref: PDF Unicode definition (HO)
Now handling font encoding PU ...
... no UTF-8 mapping file for font encoding PU
)
Package hyperref Info: Hyper figures OFF on input line 4162.
Package hyperref Info: Link nesting OFF on input line 4167.
Package hyperref Info: Hyper index ON on input line 4170.
Package hyperref Info: Plain pages OFF on input line 4177.
Package hyperref Info: Backreferencing OFF on input line 4182.
Package hyperref Info: Implicit mode ON; LaTeX internals redefined.
Package hyperref Info: Bookmarks ON on input line 4410.
\c@Hy@tempcnt=\count285

(/usr/share/texlive/texmf-dist/tex/latex/url/url.sty
\Urlmuskip=\muskip16
Package: url 2013/09/16  ver 3.4  Verb mode for urls, etc.
)
LaTeX Info: Redefining \url on input line 4748.
\XeTeXLinkMargin=\dimen168

(/usr/share/texlive/texmf-dist/tex/generic/bitset/bitset.sty
Package: bitset 2019/12/09 v1.3 Handle bit-vector datatype (HO)

(/usr/share/texlive/texmf-dist/tex/generic/bigintcalc/bigintcalc.sty
Package: bigintcalc 2019/12/15 v1.5 Expandable calculations on big integers (HO
)
))
\Fld@menulength=\count286
\Field@Width=\dimen169
\Fld@charsize=\dimen170
Package hyperref Info: Hyper figures OFF on input line 6027.
Package hyperref Info: Link nesting OFF on input line 6032.
Package hyperref Info: Hyper index ON on input line 6035.
Package hyperref Info: backreferencing OFF on input line 6042.
Package hyperref Info: Link coloring OFF on input line 6047.
Package hyperref Info: Link coloring with OCG OFF on input line 6052.
Package hyperref Info: PDF/A mode OFF on input line 6057.

(/usr/share/texlive/texmf-dist/tex/latex/base/atbegshi-ltx.sty
Package: atbegshi-ltx 2021/01/10 v1.0c Emulation of the original atbegshi
package with kernel methods
)
\Hy@abspage=\count287
\c@Item=\count288
\c@Hfootnote=\count289
)
Package hyperref Info: Driver (autodetected): hpdftex.

(/usr/share/texlive/texmf-dist/tex/latex/hyperref/hpdftex.def
File: hpdftex.def 2022-11-13 v7.00u Hyperref driver for pdfTeX

(/usr/share/texlive/texmf-dist/tex/latex/base/atveryend-ltx.sty
Package: atveryend-ltx 2020/08/19 v1.0a Emulation of the original atveryend pac
kage
with kernel methods
)
\Fld@listcount=\count290
\c@bookmark@seq@number=\count291

(/usr/share/texlive/texmf-dist/tex/latex/rerunfilecheck/rerunfilecheck.sty
Package: rerunfilecheck 2022-07-10 v1.10 Rerun checks for auxiliary files (HO)

(/usr/share/texlive/texmf-dist/tex/generic/uniquecounter/uniquecounter.sty
Package: uniquecounter 2019/12/15 v1.4 Provide unlimited unique counter (HO)
)
Package uniquecounter Info: New unique counter `rerunfilecheck' on input line 2
85.
)
\Hy@SectionHShift=\skip56
)
(/usr/share/texlive/texmf-dist/tex/latex/bookmark/bkm-pdftex.def
File: bkm-pdftex.def 2020-11-06 v1.29 bookmark driver for pdfTeX (HO)
\BKM@id=\count292
))
(/usr/share/texlive/texmf-dist/tex/latex/lipsum/lipsum.sty
(/usr/share/texlive/texmf-dist/tex/latex/l3packages/l3keys2e/l3keys2e.sty
(/usr/share/texlive/texmf-dist/tex/latex/l3kernel/expl3.sty
Package: expl3 2023-01-16 L3 programming layer (loader) 

(/usr/share/texlive/texmf-dist/tex/latex/l3backend/l3backend-pdftex.def
File: l3backend-pdftex.def 2023-01-16 L3 backend support: PDF output (pdfTeX)
\l__color_backend_stack_int=\count293
\l__pdf_internal_box=\box99
))
Package: l3keys2e 2023-01-16 LaTeX2e option processing using LaTeX3 keys
)
Package: lipsum 2021-09-20 v2.7 150 paragraphs of Lorem Ipsum dummy text
\g__lipsum_par_int=\count294
\l__lipsum_a_int=\count295
\l__lipsum_b_int=\count296

(/usr/share/texlive/texmf-dist/tex/latex/lipsum/lipsum.ltd.tex))
(/usr/share/texlive/texmf-dist/tex/latex/amsmath/amsmath.sty
Package: amsmath 2022/04/08 v2.17n AMS math features
\@mathmargin=\skip57

For additional information on amsmath, use the `?' option.
(/usr/share/texlive/texmf-dist/tex/latex/amsmath/amstext.sty
Package: amstext 2021/08/26 v2.01 AMS text

(/usr/share/texlive/texmf-dist/tex/latex/amsmath/amsgen.sty
File: amsgen.sty 1999/11/30 v2.0 generic functions
\@emptytoks=\toks23
\ex@=\dimen171
))
(/usr/share/texlive/texmf-dist/tex/latex/amsmath/amsbsy.sty
Package: amsbsy 1999/11/29 v1.2d Bold Symbols
\pmbraise@=\dimen172
)
(/usr/share/texlive/texmf-dist/tex/latex/amsmath/amsopn.sty
Package: amsopn 2022/04/08 v2.04 operator names
)
\inf@bad=\count297
LaTeX Info: Redefining \frac on input line 234.
\uproot@=\count298
\leftroot@=\count299
LaTeX Info: Redefining \overline on input line 399.
LaTeX Info: Redefining \colon on input line 410.
\classnum@=\count300
\DOTSCASE@=\count301
LaTeX Info: Redefining \ldots on input line 496.
LaTeX Info: Redefining \dots on input line 499.
LaTeX Info: Redefining \cdots on input line 620.
\Mathstrutbox@=\box100
\strutbox@=\box101
LaTeX Info: Redefining \big on input line 722.
LaTeX Info: Redefining \Big on input line 723.
LaTeX Info: Redefining \bigg on input line 724.
LaTeX Info: Redefining \Bigg on input line 725.
\big@size=\dimen173
LaTeX Font Info:    Redeclaring font encoding OML on input line 743.
LaTeX Font Info:    Redeclaring font encoding OMS on input line 744.
\macc@depth=\count302
LaTeX Info: Redefining \bmod on input line 905.
LaTeX Info: Redefining \pmod on input line 910.
LaTeX Info: Redefining \smash on input line 940.
LaTeX Info: Redefining \relbar on input line 970.
LaTeX Info: Redefining \Relbar on input line 971.
\c@MaxMatrixCols=\count303
\dotsspace@=\muskip17
\c@parentequation=\count304
\dspbrk@lvl=\count305
\tag@help=\toks24
\row@=\count306
\column@=\count307
\maxfields@=\count308
\andhelp@=\toks25
\eqnshift@=\dimen174
\alignsep@=\dimen175
\tagshift@=\dimen176
\tagwidth@=\dimen177
\totwidth@=\dimen178
\lineht@=\dimen179
\@envbody=\toks26
\multlinegap=\skip58
\multlinetaggap=\skip59
\mathdisplay@stack=\toks27
LaTeX Info: Redefining \[ on input line 2953.
LaTeX Info: Redefining \] on input line 2954.
)
(/usr/share/texlive/texmf-dist/tex/latex/csquotes/csquotes.sty
Package: csquotes 2022-09-14 v5.2n context-sensitive quotations (JAW)
\csq@reset=\count309
\csq@gtype=\count310
\csq@glevel=\count311
\csq@qlevel=\count312
\csq@maxlvl=\count313
\csq@tshold=\count314
\csq@ltx@everypar=\toks28

(/usr/share/texlive/texmf-dist/tex/latex/csquotes/csquotes.def
File: csquotes.def 2022-09-14 v5.2n csquotes generic definitions (JAW)
)
Package csquotes Info: Trying to load configuration file 'csquotes.cfg'...
Package csquotes Info: ... configuration file loaded successfully.

(/usr/share/texlive/texmf-dist/tex/latex/csquotes/csquotes.cfg
File: csquotes.cfg 
))
(/usr/share/texlive/texmf-dist/tex/latex/base/fontenc.sty
Package: fontenc 2021/04/29 v2.0v Standard LaTeX package
)
(/usr/share/texlive/texmf-dist/tex/latex/pgf/frontendlayer/tikz.sty
(/usr/share/texlive/texmf-dist/tex/latex/pgf/basiclayer/pgf.sty
(/usr/share/texlive/texmf-dist/tex/latex/pgf/utilities/pgfrcs.sty
(/usr/share/texlive/texmf-dist/tex/generic/pgf/utilities/pgfutil-common.tex
\pgfutil@everybye=\toks29
\pgfutil@tempdima=\dimen180
\pgfutil@tempdimb=\dimen181
)
(/usr/share/texlive/texmf-dist/tex/generic/pgf/utilities/pgfutil-latex.def
\pgfutil@abb=\box102
)
(/usr/share/texlive/texmf-dist/tex/generic/pgf/utilities/pgfrcs.code.tex
(/usr/share/texlive/texmf-dist/tex/generic/pgf/pgf.revision.tex)
Package: pgfrcs 2023-01-15 v3.1.10 (3.1.10)
))
Package: pgf 2023-01-15 v3.1.10 (3.1.10)

(/usr/share/texlive/texmf-dist/tex/latex/pgf/basiclayer/pgfcore.sty
(/usr/share/texlive/texmf-dist/tex/latex/pgf/systemlayer/pgfsys.sty
(/usr/share/texlive/texmf-dist/tex/generic/pgf/systemlayer/pgfsys.code.tex
Package: pgfsys 2023-01-15 v3.1.10 (3.1.10)

(/usr/share/texlive/texmf-dist/tex/generic/pgf/utilities/pgfkeys.code.tex
\pgfkeys@pathtoks=\toks30
\pgfkeys@temptoks=\toks31

(/usr/share/texlive/texmf-dist/tex/generic/pgf/utilities/pgfkeyslibraryfiltered
.code.tex
\pgfkeys@tmptoks=\toks32
))
\pgf@x=\dimen182
\pgf@y=\dimen183
\pgf@xa=\dimen184
\pgf@ya=\dimen185
\pgf@xb=\dimen186
\pgf@yb=\dimen187
\pgf@xc=\dimen188
\pgf@yc=\dimen189
\pgf@xd=\dimen190
\pgf@yd=\dimen191
\w@pgf@writea=\write3
\r@pgf@reada=\read3
\c@pgf@counta=\count315
\c@pgf@countb=\count316
\c@pgf@countc=\count317
\c@pgf@countd=\count318
\t@pgf@toka=\toks33
\t@pgf@tokb=\toks34
\t@pgf@tokc=\toks35
\pgf@sys@id@count=\count319
 (/usr/share/texlive/texmf-dist/tex/generic/pgf/systemlayer/pgf.cfg
File: pgf.cfg 2023-01-15 v3.1.10 (3.1.10)
)
Driver file for pgf: pgfsys-pdftex.def
(/usr/share/texlive/texmf-dist/tex/generic/pgf/systemlayer/pgfsys-pdftex.def
File: pgfsys-pdftex.def 2023-01-15 v3.1.10 (3.1.10)

(/usr/share/texlive/texmf-dist/tex/generic/pgf/systemlayer/pgfsys-common-pdf.de
f
File: pgfsys-common-pdf.def 2023-01-15 v3.1.10 (3.1.10)
)))
(/usr/share/texlive/texmf-dist/tex/generic/pgf/systemlayer/pgfsyssoftpath.code.
tex
File: pgfsyssoftpath.code.tex 2023-01-15 v3.1.10 (3.1.10)
\pgfsyssoftpath@smallbuffer@items=\count320
\pgfsyssoftpath@bigbuffer@items=\count321
)
(/usr/share/texlive/texmf-dist/tex/generic/pgf/systemlayer/pgfsysprotocol.code.
tex
File: pgfsysprotocol.code.tex 2023-01-15 v3.1.10 (3.1.10)
))
(/usr/share/texlive/texmf-dist/tex/generic/pgf/basiclayer/pgfcore.code.tex
Package: pgfcore 2023-01-15 v3.1.10 (3.1.10)

(/usr/share/texlive/texmf-dist/tex/generic/pgf/math/pgfmath.code.tex
(/usr/share/texlive/texmf-dist/tex/generic/pgf/math/pgfmathutil.code.tex)
(/usr/share/texlive/texmf-dist/tex/generic/pgf/math/pgfmathparser.code.tex
\pgfmath@dimen=\dimen192
\pgfmath@count=\count322
\pgfmath@box=\box103
\pgfmath@toks=\toks36
\pgfmath@stack@operand=\toks37
\pgfmath@stack@operation=\toks38
)
(/usr/share/texlive/texmf-dist/tex/generic/pgf/math/pgfmathfunctions.code.tex)
(/usr/share/texlive/texmf-dist/tex/generic/pgf/math/pgfmathfunctions.basic.code
.tex)
(/usr/share/texlive/texmf-dist/tex/generic/pgf/math/pgfmathfunctions.trigonomet
ric.code.tex)
(/usr/share/texlive/texmf-dist/tex/generic/pgf/math/pgfmathfunctions.random.cod
e.tex)
(/usr/share/texlive/texmf-dist/tex/generic/pgf/math/pgfmathfunctions.comparison
.code.tex)
(/usr/share/texlive/texmf-dist/tex/generic/pgf/math/pgfmathfunctions.base.code.
tex)
(/usr/share/texlive/texmf-dist/tex/generic/pgf/math/pgfmathfunctions.round.code
.tex)
(/usr/share/texlive/texmf-dist/tex/generic/pgf/math/pgfmathfunctions.misc.code.
tex)
(/usr/share/texlive/texmf-dist/tex/generic/pgf/math/pgfmathfunctions.integerari
thmetics.code.tex)
(/usr/share/texlive/texmf-dist/tex/generic/pgf/math/pgfmathcalc.code.tex)
(/usr/share/texlive/texmf-dist/tex/generic/pgf/math/pgfmathfloat.code.tex
\c@pgfmathroundto@lastzeros=\count323
))
(/usr/share/texlive/texmf-dist/tex/generic/pgf/math/pgfint.code.tex)
(/usr/share/texlive/texmf-dist/tex/generic/pgf/basiclayer/pgfcorepoints.code.te
x
File: pgfcorepoints.code.tex 2023-01-15 v3.1.10 (3.1.10)
\pgf@picminx=\dimen193
\pgf@picmaxx=\dimen194
\pgf@picminy=\dimen195
\pgf@picmaxy=\dimen196
\pgf@pathminx=\dimen197
\pgf@pathmaxx=\dimen198
\pgf@pathminy=\dimen199
\pgf@pathmaxy=\dimen256
\pgf@xx=\dimen257
\pgf@xy=\dimen258
\pgf@yx=\dimen259
\pgf@yy=\dimen260
\pgf@zx=\dimen261
\pgf@zy=\dimen262
)
(/usr/share/texlive/texmf-dist/tex/generic/pgf/basiclayer/pgfcorepathconstruct.
code.tex
File: pgfcorepathconstruct.code.tex 2023-01-15 v3.1.10 (3.1.10)
\pgf@path@lastx=\dimen263
\pgf@path@lasty=\dimen264
)
(/usr/share/texlive/texmf-dist/tex/generic/pgf/basiclayer/pgfcorepathusage.code
.tex
File: pgfcorepathusage.code.tex 2023-01-15 v3.1.10 (3.1.10)
\pgf@shorten@end@additional=\dimen265
\pgf@shorten@start@additional=\dimen266
)
(/usr/share/texlive/texmf-dist/tex/generic/pgf/basiclayer/pgfcorescopes.code.te
x
File: pgfcorescopes.code.tex 2023-01-15 v3.1.10 (3.1.10)
\pgfpic=\box104
\pgf@hbox=\box105
\pgf@layerbox@main=\box106
\pgf@picture@serial@count=\count324
)
(/usr/share/texlive/texmf-dist/tex/generic/pgf/basiclayer/pgfcoregraphicstate.c
ode.tex
File: pgfcoregraphicstate.code.tex 2023-01-15 v3.1.10 (3.1.10)
\pgflinewidth=\dimen267
)
(/usr/share/texlive/texmf-dist/tex/generic/pgf/basiclayer/pgfcoretransformation
s.code.tex
File: pgfcoretransformations.code.tex 2023-01-15 v3.1.10 (3.1.10)
\pgf@pt@x=\dimen268
\pgf@pt@y=\dimen269
\pgf@pt@temp=\dimen270
)
(/usr/share/texlive/texmf-dist/tex/generic/pgf/basiclayer/pgfcorequick.code.tex
File: pgfcorequick.code.tex 2023-01-15 v3.1.10 (3.1.10)
)
(/usr/share/texlive/texmf-dist/tex/generic/pgf/basiclayer/pgfcoreobjects.code.t
ex
File: pgfcoreobjects.code.tex 2023-01-15 v3.1.10 (3.1.10)
)
(/usr/share/texlive/texmf-dist/tex/generic/pgf/basiclayer/pgfcorepathprocessing
.code.tex
File: pgfcorepathprocessing.code.tex 2023-01-15 v3.1.10 (3.1.10)
)
(/usr/share/texlive/texmf-dist/tex/generic/pgf/basiclayer/pgfcorearrows.code.te
x
File: pgfcorearrows.code.tex 2023-01-15 v3.1.10 (3.1.10)
\pgfarrowsep=\dimen271
)
(/usr/share/texlive/texmf-dist/tex/generic/pgf/basiclayer/pgfcoreshade.code.tex
File: pgfcoreshade.code.tex 2023-01-15 v3.1.10 (3.1.10)
\pgf@max=\dimen272
\pgf@sys@shading@range@num=\count325
\pgf@shadingcount=\count326
)
(/usr/share/texlive/texmf-dist/tex/generic/pgf/basiclayer/pgfcoreimage.code.tex
File: pgfcoreimage.code.tex 2023-01-15 v3.1.10 (3.1.10)
)
(/usr/share/texlive/texmf-dist/tex/generic/pgf/basiclayer/pgfcoreexternal.code.
tex
File: pgfcoreexternal.code.tex 2023-01-15 v3.1.10 (3.1.10)
\pgfexternal@startupbox=\box107
)
(/usr/share/texlive/texmf-dist/tex/generic/pgf/basiclayer/pgfcorelayers.code.te
x
File: pgfcorelayers.code.tex 2023-01-15 v3.1.10 (3.1.10)
)
(/usr/share/texlive/texmf-dist/tex/generic/pgf/basiclayer/pgfcoretransparency.c
ode.tex
File: pgfcoretransparency.code.tex 2023-01-15 v3.1.10 (3.1.10)
)
(/usr/share/texlive/texmf-dist/tex/generic/pgf/basiclayer/pgfcorepatterns.code.
tex
File: pgfcorepatterns.code.tex 2023-01-15 v3.1.10 (3.1.10)
)
(/usr/share/texlive/texmf-dist/tex/generic/pgf/basiclayer/pgfcorerdf.code.tex
File: pgfcorerdf.code.tex 2023-01-15 v3.1.10 (3.1.10)
)))
(/usr/share/texlive/texmf-dist/tex/generic/pgf/modules/pgfmoduleshapes.code.tex
File: pgfmoduleshapes.code.tex 2023-01-15 v3.1.10 (3.1.10)
\pgfnodeparttextbox=\box108
) (/usr/share/texlive/texmf-dist/tex/generic/pgf/modules/pgfmoduleplot.code.tex
File: pgfmoduleplot.code.tex 2023-01-15 v3.1.10 (3.1.10)
)
(/usr/share/texlive/texmf-dist/tex/latex/pgf/compatibility/pgfcomp-version-0-65
.sty
Package: pgfcomp-version-0-65 2023-01-15 v3.1.10 (3.1.10)
\pgf@nodesepstart=\dimen273
\pgf@nodesepend=\dimen274
)
(/usr/share/texlive/texmf-dist/tex/latex/pgf/compatibility/pgfcomp-version-1-18
.sty
Package: pgfcomp-version-1-18 2023-01-15 v3.1.10 (3.1.10)
)) (/usr/share/texlive/texmf-dist/tex/latex/pgf/utilities/pgffor.sty
(/usr/share/texlive/texmf-dist/tex/latex/pgf/utilities/pgfkeys.sty
(/usr/share/texlive/texmf-dist/tex/generic/pgf/utilities/pgfkeys.code.tex))
(/usr/share/texlive/texmf-dist/tex/latex/pgf/math/pgfmath.sty
(/usr/share/texlive/texmf-dist/tex/generic/pgf/math/pgfmath.code.tex))
(/usr/share/texlive/texmf-dist/tex/generic/pgf/utilities/pgffor.code.tex
Package: pgffor 2023-01-15 v3.1.10 (3.1.10)
\pgffor@iter=\dimen275
\pgffor@skip=\dimen276
\pgffor@stack=\toks39
\pgffor@toks=\toks40
))
(/usr/share/texlive/texmf-dist/tex/generic/pgf/frontendlayer/tikz/tikz.code.tex
Package: tikz 2023-01-15 v3.1.10 (3.1.10)

(/usr/share/texlive/texmf-dist/tex/generic/pgf/libraries/pgflibraryplothandlers
.code.tex
File: pgflibraryplothandlers.code.tex 2023-01-15 v3.1.10 (3.1.10)
\pgf@plot@mark@count=\count327
\pgfplotmarksize=\dimen277
)
\tikz@lastx=\dimen278
\tikz@lasty=\dimen279
\tikz@lastxsaved=\dimen280
\tikz@lastysaved=\dimen281
\tikz@lastmovetox=\dimen282
\tikz@lastmovetoy=\dimen283
\tikzleveldistance=\dimen284
\tikzsiblingdistance=\dimen285
\tikz@figbox=\box109
\tikz@figbox@bg=\box110
\tikz@tempbox=\box111
\tikz@tempbox@bg=\box112
\tikztreelevel=\count328
\tikznumberofchildren=\count329
\tikznumberofcurrentchild=\count330
\tikz@fig@count=\count331

(/usr/share/texlive/texmf-dist/tex/generic/pgf/modules/pgfmodulematrix.code.tex
File: pgfmodulematrix.code.tex 2023-01-15 v3.1.10 (3.1.10)
\pgfmatrixcurrentrow=\count332
\pgfmatrixcurrentcolumn=\count333
\pgf@matrix@numberofcolumns=\count334
)
\tikz@expandcount=\count335

(/usr/share/texlive/texmf-dist/tex/generic/pgf/frontendlayer/tikz/libraries/tik
zlibrarytopaths.code.tex
File: tikzlibrarytopaths.code.tex 2023-01-15 v3.1.10 (3.1.10)
)))
   defining Unicode char U+011F (decimal 287)
   defining Unicode char U+0259 (decimal 601)
   defining Unicode char U+015F (decimal 351)
Package csquotes Info: Checking for multilingual support...
Package csquotes Info: ... found 'babel' package.
Package csquotes Info: Adjusting default style.
Package csquotes Info: Redefining alias 'default' -> 'italian'.
 (./Guida all'ambientazione di Islena.aux)
\openout1 = `"Guida all'ambientazione di Islena.aux"'.

LaTeX Font Info:    Checking defaults for OML/cmm/m/it on input line 30.
LaTeX Font Info:    ... okay on input line 30.
LaTeX Font Info:    Checking defaults for OMS/cmsy/m/n on input line 30.
LaTeX Font Info:    ... okay on input line 30.
LaTeX Font Info:    Checking defaults for OT1/cmr/m/n on input line 30.
LaTeX Font Info:    ... okay on input line 30.
LaTeX Font Info:    Checking defaults for T1/cmr/m/n on input line 30.
LaTeX Font Info:    ... okay on input line 30.
LaTeX Font Info:    Checking defaults for TS1/cmr/m/n on input line 30.
LaTeX Font Info:    ... okay on input line 30.
LaTeX Font Info:    Checking defaults for OMX/cmex/m/n on input line 30.
LaTeX Font Info:    ... okay on input line 30.
LaTeX Font Info:    Checking defaults for U/cmr/m/n on input line 30.
LaTeX Font Info:    ... okay on input line 30.
LaTeX Font Info:    Checking defaults for PD1/pdf/m/n on input line 30.
LaTeX Font Info:    ... okay on input line 30.
LaTeX Font Info:    Checking defaults for PU/pdf/m/n on input line 30.
LaTeX Font Info:    ... okay on input line 30.

*geometry* driver: auto-detecting
*geometry* detected driver: pdftex
*geometry* verbose mode - [ preamble ] result:
* driver: pdftex
* paper: a4paper
* layout: <same size as paper>
* layoutoffset:(h,v)=(0.0pt,0.0pt)
* modes: 
* h-part:(L,W,R)=(56.9055pt, 483.69687pt, 56.9055pt)
* v-part:(T,H,B)=(56.9055pt, 731.23584pt, 56.9055pt)
* \paperwidth=597.50787pt
* \paperheight=845.04684pt
* \textwidth=483.69687pt
* \textheight=731.23584pt
* \oddsidemargin=-15.36449pt
* \evensidemargin=-15.36449pt
* \topmargin=-52.36449pt
* \headheight=12.0pt
* \headsep=25.0pt
* \topskip=10.0pt
* \footskip=30.0pt
* \marginparwidth=57.0pt
* \marginparsep=11.0pt
* \columnsep=28.45274pt
* \skip\footins=9.0pt plus 4.0pt minus 2.0pt
* \hoffset=0.0pt
* \voffset=0.0pt
* \mag=1000
* \@twocolumnfalse
* \@twosidefalse
* \@mparswitchfalse
* \@reversemarginfalse
* (1in=72.27pt=25.4mm, 1cm=28.453pt)

(/usr/share/texlive/texmf-dist/tex/context/base/mkii/supp-pdf.mkii
[Loading MPS to PDF converter (version 2006.09.02).]
\scratchcounter=\count336
\scratchdimen=\dimen286
\scratchbox=\box113
\nofMPsegments=\count337
\nofMParguments=\count338
\everyMPshowfont=\toks41
\MPscratchCnt=\count339
\MPscratchDim=\dimen287
\MPnumerator=\count340
\makeMPintoPDFobject=\count341
\everyMPtoPDFconversion=\toks42
) (/usr/share/texlive/texmf-dist/tex/latex/epstopdf-pkg/epstopdf-base.sty
Package: epstopdf-base 2020-01-24 v2.11 Base part for package epstopdf
Package epstopdf-base Info: Redefining graphics rule for `.eps' on input line 4
85.

(/usr/share/texlive/texmf-dist/tex/latex/latexconfig/epstopdf-sys.cfg
File: epstopdf-sys.cfg 2010/07/13 v1.3 Configuration of (r)epstopdf for TeX Liv
e
))
LaTeX Info: Redefining \it@ocap on input line 30.
LaTeX Info: Redefining \it@ccap on input line 30.
Package hyperref Info: Link coloring OFF on input line 30.
</home/emiliano/Documenti/D&D/Islena/titlepageislena1.jpg, id=7, 1027.84pt x 14
53.43pt>
File: /home/emiliano/Documenti/D&D/Islena/titlepageislena1.jpg Graphic file (ty
pe jpg)
<use /home/emiliano/Documenti/D&D/Islena/titlepageislena1.jpg>
Package pdftex.def Info: /home/emiliano/Documenti/D&D/Islena/titlepageislena1.j
pg  used on input line 35.
(pdftex.def)             Requested size: 597.51208pt x 845.07468pt.
<dnd1.png, id=8, 668.4975pt x 376.40625pt>
File: dnd1.png Graphic file (type png)
<use dnd1.png>
Package pdftex.def Info: dnd1.png  used on input line 43.
(pdftex.def)             Requested size: 267.39426pt x 150.55983pt.

[1

{/var/lib/texmf/fonts/map/pdftex/updmap/pdftex.map} </home/emiliano/Documenti/D
&D/Islena/titlepageislena1.jpg> <./dnd1.png>]
(./Guida all'ambientazione di Islena.toc)
\tf@toc=\write4
\openout4 = `"Guida all'ambientazione di Islena.toc"'.


pdfTeX warning (ext4): destination with the same identifier (name{page.1}) has 
been already used, duplicate ignored
<to be read again> 
                   \relax 
l.63 \newpage
              [1

]
Underfull \hbox (badness 10000) in paragraph at lines 66--76

 []


Underfull \hbox (badness 10000) in paragraph at lines 66--76

 []


Underfull \hbox (badness 10000) in paragraph at lines 66--76

 []


Underfull \hbox (badness 10000) in paragraph at lines 66--76

 []

[2

] [3

]
Capitolo 1.

Underfull \hbox (badness 10000) in paragraph at lines 80--80
|[]\T1/cmr/bx/n/24.88 Introduzione
 []


Underfull \hbox (badness 10000) in paragraph at lines 83--85

 []

<stars.jpeg, id=107, 542.025pt x 338.76563pt>
File: stars.jpeg Graphic file (type jpg)
<use stars.jpeg>
Package pdftex.def Info: stars.jpeg  used on input line 96.
(pdftex.def)             Requested size: 170.71652pt x 106.69621pt.

Underfull \hbox (badness 10000) in paragraph at lines 94--99

 []


Underfull \hbox (badness 10000) in paragraph at lines 94--99

 []

[4 <./stars.jpeg>]
<tatakai.png, id=114, 1927.2pt x 1084.05pt>
File: tatakai.png Graphic file (type png)
<use tatakai.png>
Package pdftex.def Info: tatakai.png  used on input line 127.
(pdftex.def)             Requested size: 170.71652pt x 96.02194pt.

Underfull \hbox (badness 10000) in paragraph at lines 123--130

 []


Underfull \hbox (badness 10000) in paragraph at lines 123--130

 []

<takai.jpg, id=115, 421.575pt x 210.7875pt>
File: takai.jpg Graphic file (type jpg)
<use takai.jpg>
Package pdftex.def Info: takai.jpg  used on input line 143.
(pdftex.def)             Requested size: 170.71652pt x 85.35881pt.

Underfull \hbox (badness 10000) in paragraph at lines 141--146

 []


Underfull \hbox (badness 10000) in paragraph at lines 141--146

 []

<fukai.jpeg, id=116, 848.16875pt x 356.33125pt>
File: fukai.jpeg Graphic file (type jpg)
<use fukai.jpeg>
Package pdftex.def Info: fukai.jpeg  used on input line 159.
(pdftex.def)             Requested size: 170.71652pt x 71.7217pt.

Underfull \hbox (badness 10000) in paragraph at lines 157--162

 []

[5 <./tatakai.png> <./takai.jpg> <./fukai.jpeg>]
Capitolo 2.
<althes.png, id=122, 694.595pt x 1027.84pt>
File: althes.png Graphic file (type png)
<use althes.png>
Package pdftex.def Info: althes.png  used on input line 186.
(pdftex.def)             Requested size: 99.58464pt x 147.36269pt.
<althes_simbolo.png, id=123, 501.875pt x 501.875pt>
File: althes_simbolo.png Graphic file (type png)
<use althes_simbolo.png>
Package pdftex.def Info: althes_simbolo.png  used on input line 187.
(pdftex.def)             Requested size: 128.0374pt x 128.03386pt.

Underfull \hbox (badness 10000) in paragraph at lines 184--188

 []


Overfull \hbox (2.22166pt too wide) in paragraph at lines 184--188
[] [] 
 []

<asvahal.jpg, id=124, 727.71875pt x 779.91376pt>
File: asvahal.jpg Graphic file (type jpg)
<use asvahal.jpg>
Package pdftex.def Info: asvahal.jpg  used on input line 191.
(pdftex.def)             Requested size: 99.58464pt x 106.72377pt.
<asvahal_simbolo.jpg, id=125, 325.215pt x 325.215pt>
File: asvahal_simbolo.jpg Graphic file (type jpg)
<use asvahal_simbolo.jpg>
Package pdftex.def Info: asvahal_simbolo.jpg  used on input line 192.
(pdftex.def)             Requested size: 85.35826pt x 85.3578pt.

Underfull \hbox (badness 10000) in paragraph at lines 189--193

 []

<bharbhero.jpg, id=126, 319.1925pt x 404.51125pt>
File: bharbhero.jpg Graphic file (type jpg)
<use bharbhero.jpg>
Package pdftex.def Info: bharbhero.jpg  used on input line 196.
(pdftex.def)             Requested size: 99.58464pt x 126.19958pt.
<bharbhero_symbol.png, id=127, 803.0pt x 722.7pt>
File: bharbhero_symbol.png Graphic file (type png)
<use bharbhero_symbol.png>
Package pdftex.def Info: bharbhero_symbol.png  used on input line 197.
(pdftex.def)             Requested size: 85.35826pt x 76.81755pt.

Underfull \hbox (badness 10000) in paragraph at lines 194--198

 []

<byroe.jpeg, id=128, 497.86pt x 628.3475pt>
File: byroe.jpeg Graphic file (type jpg)
<use byroe.jpeg>
Package pdftex.def Info: byroe.jpeg  used on input line 201.
(pdftex.def)             Requested size: 99.58464pt x 125.68645pt.
<byroe_simbolo.png, id=129, 271.0125pt x 302.12875pt>
File: byroe_simbolo.png Graphic file (type png)
<use byroe_simbolo.png>
Package pdftex.def Info: byroe_simbolo.png  used on input line 202.
(pdftex.def)             Requested size: 85.35826pt x 95.15723pt.

Underfull \hbox (badness 10000) in paragraph at lines 199--203

 []

[6

 <./althes.png> <./althes_simbolo.png> <./asvahal.jpg> <./asvahal_simbolo.jpg> 
<./bharbhero.jpg> <./bharbhero_symbol.png>]
<chaahad.jpeg, id=142, 96.36pt x 95.8782pt>
File: chaahad.jpeg Graphic file (type jpg)
<use chaahad.jpeg>
Package pdftex.def Info: chaahad.jpeg  used on input line 206.
(pdftex.def)             Requested size: 113.81102pt x 113.24207pt.
<chaahad_simbolo.png, id=143, 501.875pt x 452.69125pt>
File: chaahad_simbolo.png Graphic file (type png)
<use chaahad_simbolo.png>
Package pdftex.def Info: chaahad_simbolo.png  used on input line 207.
(pdftex.def)             Requested size: 85.35826pt x 76.99103pt.

Underfull \hbox (badness 10000) in paragraph at lines 204--208

 []

<ccc.jpeg, id=144, 1027.84pt x 1027.84pt>
File: ccc.jpeg Graphic file (type jpg)
<use ccc.jpeg>
Package pdftex.def Info: ccc.jpeg  used on input line 211.
(pdftex.def)             Requested size: 113.81102pt x 113.79987pt.
<ccc_simbolo.png, id=145, 501.875pt x 501.875pt>
File: ccc_simbolo.png Graphic file (type png)
<use ccc_simbolo.png>
Package pdftex.def Info: ccc_simbolo.png  used on input line 212.
(pdftex.def)             Requested size: 113.81102pt x 113.80533pt.

Underfull \hbox (badness 10000) in paragraph at lines 209--213

 []


Overfull \hbox (2.22166pt too wide) in paragraph at lines 209--213
[] [] 
 []

<coepius.jpg, id=146, 602.25pt x 569.87906pt>
File: coepius.jpg Graphic file (type jpg)
<use coepius.jpg>
Package pdftex.def Info: coepius.jpg  used on input line 216.
(pdftex.def)             Requested size: 99.58464pt x 94.22598pt.
<coepius_simbolo.png, id=147, 36.91954pt x 32.6738pt>
File: coepius_simbolo.png Graphic file (type png)
<use coepius_simbolo.png>
Package pdftex.def Info: coepius_simbolo.png  used on input line 217.
(pdftex.def)             Requested size: 99.58464pt x 88.14507pt.

Underfull \hbox (badness 10000) in paragraph at lines 214--218

 []

<dictum.jpeg, id=148, 1027.84pt x 1027.84pt>
File: dictum.jpeg Graphic file (type jpg)
<use dictum.jpeg>
Package pdftex.def Info: dictum.jpeg  used on input line 221.
(pdftex.def)             Requested size: 99.58464pt x 99.57489pt.
<dictum_simbolo.png, id=149, 579.16376pt x 434.62375pt>
File: dictum_simbolo.png Graphic file (type png)
<use dictum_simbolo.png>
Package pdftex.def Info: dictum_simbolo.png  used on input line 222.
(pdftex.def)             Requested size: 99.58464pt x 74.7273pt.

Underfull \hbox (badness 10000) in paragraph at lines 219--223

 []

<djenl.png, id=150, 722.7pt x 883.3pt>
File: djenl.png Graphic file (type png)
<use djenl.png>
Package pdftex.def Info: djenl.png  used on input line 226.
(pdftex.def)             Requested size: 113.81102pt x 139.09352pt.
<djenl_simbolo.jpeg, id=151, 1027.84pt x 1027.84pt>
File: djenl_simbolo.jpeg Graphic file (type jpg)
<use djenl_simbolo.jpeg>
Package pdftex.def Info: djenl_simbolo.jpeg  used on input line 227.
(pdftex.def)             Requested size: 85.35826pt x 85.3499pt.

Underfull \hbox (badness 10000) in paragraph at lines 224--228

 []

[7 <./byroe.jpeg> <./byroe_simbolo.png> <./chaahad.jpeg> <./chaahad_simbolo.png
> <./ccc.jpeg> <./ccc_simbolo.png> <./coepius.jpg> <./coepius_simbolo.png> <./d
ictum.jpeg> <./dictum_simbolo.png>]
<fjorsh.jpg, id=160, 3262.1875pt x 4896.2925pt>
File: fjorsh.jpg Graphic file (type jpg)
<use fjorsh.jpg>
Package pdftex.def Info: fjorsh.jpg  used on input line 231.
(pdftex.def)             Requested size: 99.58464pt x 149.42262pt.
<fjorsh_simbolo.jpeg, id=161, 1027.84pt x 1027.84pt>
File: fjorsh_simbolo.jpeg Graphic file (type jpg)
<use fjorsh_simbolo.jpeg>
Package pdftex.def Info: fjorsh_simbolo.jpeg  used on input line 232.
(pdftex.def)             Requested size: 99.58464pt x 99.57489pt.

Underfull \hbox (badness 10000) in paragraph at lines 229--233

 []


Underfull \hbox (badness 10000) in paragraph at lines 229--233

 []

<hnana.jpeg, id=162, 1247.66125pt x 1340.00626pt>
File: hnana.jpeg Graphic file (type jpg)
<use hnana.jpeg>
Package pdftex.def Info: hnana.jpeg  used on input line 237.
(pdftex.def)             Requested size: 113.81102pt x 122.2311pt.
<hnana_simbolo.jpeg, id=163, 694.595pt x 645.41125pt>
File: hnana_simbolo.jpeg Graphic file (type jpg)
<use hnana_simbolo.jpeg>
Package pdftex.def Info: hnana_simbolo.jpeg  used on input line 238.
(pdftex.def)             Requested size: 85.35826pt x 79.30731pt.

Underfull \hbox (badness 10000) in paragraph at lines 234--239

 []


Underfull \hbox (badness 10000) in paragraph at lines 234--239

 []

<huaifu.jpeg, id=164, 496.85625pt x 642.4pt>
File: huaifu.jpeg Graphic file (type jpg)
<use huaifu.jpeg>
Package pdftex.def Info: huaifu.jpeg  used on input line 242.
(pdftex.def)             Requested size: 99.58464pt x 128.75218pt.
<huaifu_simbolo.png, id=165, 2007.5pt x 2007.5pt>
File: huaifu_simbolo.png Graphic file (type png)
<use huaifu_simbolo.png>
Package pdftex.def Info: huaifu_simbolo.png  used on input line 243.
(pdftex.def)             Requested size: 113.81102pt x 113.79767pt.

Underfull \hbox (badness 10000) in paragraph at lines 240--244

 []

<immaru.jpg, id=166, 738.76pt x 844.15375pt>
File: immaru.jpg Graphic file (type jpg)
<use immaru.jpg>
Package pdftex.def Info: immaru.jpg  used on input line 247.
(pdftex.def)             Requested size: 99.58464pt x 113.78839pt.
<immaru_simbolo.jpg, id=167, 1029.8475pt x 983.675pt>
File: immaru_simbolo.jpg Graphic file (type jpg)
<use immaru_simbolo.jpg>
Package pdftex.def Info: immaru_simbolo.jpg  used on input line 248.
(pdftex.def)             Requested size: 85.35826pt x 81.51741pt.

Underfull \hbox (badness 10000) in paragraph at lines 245--249

 []


Underfull \hbox (badness 10000) in paragraph at lines 245--249

 []

<kygeus.jpeg, id=168, 511.9125pt x 569.12625pt>
File: kygeus.jpeg Graphic file (type jpg)
<use kygeus.jpeg>
Package pdftex.def Info: kygeus.jpeg  used on input line 254.
(pdftex.def)             Requested size: 99.58464pt x 110.7143pt.
<kygeus_simbolo.jpg, id=169, 904.37875pt x 1048.91875pt>
File: kygeus_simbolo.jpg Graphic file (type jpg)
<use kygeus_simbolo.jpg>
Package pdftex.def Info: kygeus_simbolo.jpg  used on input line 255.
(pdftex.def)             Requested size: 85.35826pt x 98.9921pt.

Underfull \hbox (badness 10000) in paragraph at lines 250--256

 []

[8 <./djenl.png> <./djenl_simbolo.jpeg> <./fjorsh.jpg> <./fjorsh_simbolo.jpeg> 
<./hnana.jpeg> <./hnana_simbolo.jpeg> <./huaifu.jpeg> <./huaifu_simbolo.png> <.
/immaru.jpg> <./immaru_simbolo.jpg>]
<lialgha.jpeg, id=175, 1606.0pt x 1902.10625pt>
File: lialgha.jpeg Graphic file (type jpg)
<use lialgha.jpeg>
Package pdftex.def Info: lialgha.jpeg  used on input line 260.
(pdftex.def)             Requested size: 99.58464pt x 117.92355pt.
<lialgha_simbolo.jpeg, id=176, 602.25pt x 622.325pt>
File: lialgha_simbolo.jpeg Graphic file (type jpg)
<use lialgha_simbolo.jpeg>
Package pdftex.def Info: lialgha_simbolo.jpeg  used on input line 261.
(pdftex.def)             Requested size: 85.35826pt x 88.19794pt.
<mona1.jpeg, id=177, 642.4pt x 732.7375pt>
File: mona1.jpeg Graphic file (type jpg)
<use mona1.jpeg>
Package pdftex.def Info: mona1.jpeg  used on input line 265.
(pdftex.def)             Requested size: 113.81102pt x 129.80745pt.
<moohona_simbolo.jpg, id=178, 62.1522pt x 86.724pt>
File: moohona_simbolo.jpg Graphic file (type jpg)
<use moohona_simbolo.jpg>
Package pdftex.def Info: moohona_simbolo.jpg  used on input line 266.
(pdftex.def)             Requested size: 85.35826pt x 119.1102pt.

Underfull \hbox (badness 10000) in paragraph at lines 263--267

 []

<pathon.jpg, id=179, 578.16pt x 770.88pt>
File: pathon.jpg Graphic file (type jpg)
<use pathon.jpg>
Package pdftex.def Info: pathon.jpg  used on input line 270.
(pdftex.def)             Requested size: 99.58464pt x 132.77698pt.
<pathon_simbolo.png, id=180, 464.73625pt x 501.875pt>
File: pathon_simbolo.png Graphic file (type png)
<use pathon_simbolo.png>
Package pdftex.def Info: pathon_simbolo.png  used on input line 271.
(pdftex.def)             Requested size: 99.58464pt x 107.54109pt.

Underfull \hbox (badness 10000) in paragraph at lines 268--272

 []

<sathona.jpeg, id=181, 495.8525pt x 668.4975pt>
File: sathona.jpeg Graphic file (type jpg)
<use sathona.jpeg>
Package pdftex.def Info: sathona.jpeg  used on input line 275.
(pdftex.def)             Requested size: 85.35826pt x 115.07112pt.
<sathona_simbolo.png, id=182, 260.975pt x 254.9525pt>
File: sathona_simbolo.png Graphic file (type png)
<use sathona_simbolo.png>
Package pdftex.def Info: sathona_simbolo.png  used on input line 276.
(pdftex.def)             Requested size: 85.35826pt x 83.38765pt.

Underfull \hbox (badness 10000) in paragraph at lines 273--277

 []

<tahia.jpg, id=183, 1023.825pt x 1284.8pt>
File: tahia.jpg Graphic file (type jpg)
<use tahia.jpg>
Package pdftex.def Info: tahia.jpg  used on input line 281.
(pdftex.def)             Requested size: 99.58464pt x 124.95872pt.
<tahia_simbolo.png, id=184, 260.975pt x 254.9525pt>
File: tahia_simbolo.png Graphic file (type png)
<use tahia_simbolo.png>
Package pdftex.def Info: tahia_simbolo.png  used on input line 282.
(pdftex.def)             Requested size: 85.35826pt x 83.38765pt.

Underfull \hbox (badness 10000) in paragraph at lines 278--283

 []

[9 <./kygeus.jpeg> <./kygeus_simbolo.jpg> <./lialgha.jpeg> <./lialgha_simbolo.j
peg> <./mona1.jpeg> <./moohona_simbolo.jpg> <./pathon.jpg> <./pathon_simbolo.pn
g> <./sathona.jpeg> <./sathona_simbolo.png>]
<talas.png, id=190, 235.88126pt x 301.125pt>
File: talas.png Graphic file (type png)
<use talas.png>
Package pdftex.def Info: talas.png  used on input line 287.
(pdftex.def)             Requested size: 99.58464pt x 127.12868pt.
<talas_simbolo.png, id=191, 501.875pt x 501.875pt>
File: talas_simbolo.png Graphic file (type png)
<use talas_simbolo.png>
Package pdftex.def Info: talas_simbolo.png  used on input line 288.
(pdftex.def)             Requested size: 102.43008pt x 102.42555pt.

Underfull \hbox (badness 10000) in paragraph at lines 284--289

 []


Underfull \hbox (badness 10000) in paragraph at lines 284--289

 []

<whestfalia.png, id=192, 427.5975pt x 596.2275pt>
File: whestfalia.png Graphic file (type png)
<use whestfalia.png>
Package pdftex.def Info: whestfalia.png  used on input line 292.
(pdftex.def)             Requested size: 85.35826pt x 119.01595pt.
<whestfalia_simbolo.jpeg, id=193, 246.6816pt x 238.491pt>
File: whestfalia_simbolo.jpeg Graphic file (type jpg)
<use whestfalia_simbolo.jpeg>
Package pdftex.def Info: whestfalia_simbolo.jpeg  used on input line 293.
(pdftex.def)             Requested size: 99.58464pt x 96.27536pt.

Underfull \hbox (badness 10000) in paragraph at lines 290--294

 []

<wrhat.jpeg, id=194, 829.0975pt x 1082.0425pt>
File: wrhat.jpeg Graphic file (type jpg)
<use wrhat.jpeg>
Package pdftex.def Info: wrhat.jpeg  used on input line 297.
(pdftex.def)             Requested size: 99.58464pt x 129.95506pt.
<wrhat_simbolo.jpeg, id=195, 738.76pt x 951.555pt>
File: wrhat_simbolo.jpeg Graphic file (type jpg)
<use wrhat_simbolo.jpeg>
Package pdftex.def Info: wrhat_simbolo.jpeg  used on input line 298.
(pdftex.def)             Requested size: 85.35826pt x 109.94196pt.

Underfull \hbox (badness 10000) in paragraph at lines 295--299

 []

<yennifer.jpg, id=196, 341.3553pt x 427.8384pt>
File: yennifer.jpg Graphic file (type jpg)
<use yennifer.jpg>
Package pdftex.def Info: yennifer.jpg  used on input line 302.
(pdftex.def)             Requested size: 99.58464pt x 124.81418pt.
<yennifer_simbolo.jpeg, id=197, 1027.84pt x 1027.84pt>
File: yennifer_simbolo.jpeg Graphic file (type jpg)
<use yennifer_simbolo.jpeg>
Package pdftex.def Info: yennifer_simbolo.jpeg  used on input line 303.
(pdftex.def)             Requested size: 85.35826pt x 85.3499pt.

Underfull \hbox (badness 10000) in paragraph at lines 300--304

 []

[10 <./tahia.jpg> <./tahia_simbolo.png> <./talas.png> <./talas_simbolo.png> <./
whestfalia.png> <./whestfalia_simbolo.jpeg> <./wrhat.jpeg> <./wrhat_simbolo.jpe
g> <./yennifer.jpg> <./yennifer_simbolo.jpeg>]
LaTeX Font Info:    Trying to load font information for T1+cmtt on input line 3
09.

(/usr/share/texlive/texmf-dist/tex/latex/base/t1cmtt.fd
File: t1cmtt.fd 2022/07/10 v2.5l Standard LaTeX font definitions
) [11]
<gizzard.jpg, id=215, 963.6pt x 770.88pt>
File: gizzard.jpg Graphic file (type jpg)
<use gizzard.jpg>
Package pdftex.def Info: gizzard.jpg  used on input line 330.
(pdftex.def)             Requested size: 170.71652pt x 136.56456pt.

Underfull \hbox (badness 10000) in paragraph at lines 328--331

 []

<engur.jpg, id=216, 462.528pt x 346.896pt>
File: engur.jpg Graphic file (type jpg)
<use engur.jpg>
Package pdftex.def Info: engur.jpg  used on input line 335.
(pdftex.def)             Requested size: 170.71652pt x 128.0372pt.

Underfull \hbox (badness 10000) in paragraph at lines 333--336

 []


Underfull \hbox (badness 10000) in paragraph at lines 341--343

 []

[12 <./gizzard.jpg> <./engur.jpg>]
Capitolo 3.
<monascintipietra.jpeg, id=228, 1017.8025pt x 1606.0pt>
File: monascintipietra.jpeg Graphic file (type jpg)
<use monascintipietra.jpeg>
Package pdftex.def Info: monascintipietra.jpeg  used on input line 421.
(pdftex.def)             Requested size: 170.71652pt x 269.36507pt.
[13

] [14 <./monascintipietra.jpeg>] [15

]
Capitolo 4.
[16

] [17]
Capitolo 5.

Underfull \hbox (badness 10000) in paragraph at lines 485--486

 []

<ruins.png, id=250, 1784.6675pt x 1003.75pt>
File: ruins.png Graphic file (type png)
<use ruins.png>
Package pdftex.def Info: ruins.png  used on input line 487.
(pdftex.def)             Requested size: 199.16928pt x 112.00569pt.

Underfull \hbox (badness 10000) in paragraph at lines 487--488

 []

<insideruins.jpg, id=251, 1927.2pt x 1128.215pt>
File: insideruins.jpg Graphic file (type jpg)
<use insideruins.jpg>
Package pdftex.def Info: insideruins.jpg  used on input line 489.
(pdftex.def)             Requested size: 199.16928pt x 116.58101pt.

Underfull \hbox (badness 10000) in paragraph at lines 489--490

 []

<ruinsincity.jpg, id=252, 1445.4pt x 781.92125pt>
File: ruinsincity.jpg Graphic file (type jpg)
<use ruinsincity.jpg>
Package pdftex.def Info: ruinsincity.jpg  used on input line 491.
(pdftex.def)             Requested size: 199.16928pt x 107.7382pt.

Underfull \hbox (badness 10000) in paragraph at lines 491--492

 []

<ruinsinwall.png, id=253, 1407.2575pt x 757.83125pt>
File: ruinsinwall.png Graphic file (type png)
<use ruinsinwall.png>
Package pdftex.def Info: ruinsinwall.png  used on input line 493.
(pdftex.def)             Requested size: 199.16928pt x 107.252pt.

Underfull \hbox (badness 10000) in paragraph at lines 493--494

 []

[18

 <./ruins.png> <./insideruins.jpg> <./ruinsincity.jpg> <./ruinsinwall.png>]
Underfull \hbox (badness 10000) in paragraph at lines 499--503

 []


Underfull \hbox (badness 10000) in paragraph at lines 499--503

 []

<nord.jpg, id=259, 1927.2pt x 1197.47375pt>
File: nord.jpg Graphic file (type jpg)
<use nord.jpg>
Package pdftex.def Info: nord.jpg  used on input line 507.
(pdftex.def)             Requested size: 170.71652pt x 106.0687pt.

Underfull \hbox (badness 10000) in paragraph at lines 505--510

 []


Underfull \hbox (badness 10000) in paragraph at lines 505--510

 []


Underfull \hbox (badness 10000) in paragraph at lines 505--510

 []

<islenici.jpg, id=260, 355.3275pt x 130.3269pt>
File: islenici.jpg Graphic file (type jpg)
<use islenici.jpg>
Package pdftex.def Info: islenici.jpg  used on input line 513.
(pdftex.def)             Requested size: 170.71652pt x 62.61584pt.

Underfull \hbox (badness 10000) in paragraph at lines 511--515

 []


Underfull \hbox (badness 10000) in paragraph at lines 511--515

 []

<injines.jpg, id=261, 693.792pt x 271.37386pt>
File: injines.jpg Graphic file (type jpg)
<use injines.jpg>
Package pdftex.def Info: injines.jpg  used on input line 518.
(pdftex.def)             Requested size: 170.71652pt x 66.77495pt.

Underfull \hbox (badness 10000) in paragraph at lines 516--520

 []


Underfull \hbox (badness 10000) in paragraph at lines 516--520

 []

<arabas.jpg, id=262, 1284.8pt x 803.0pt>
File: arabas.jpg Graphic file (type jpg)
<use arabas.jpg>
Package pdftex.def Info: arabas.jpg  used on input line 523.
(pdftex.def)             Requested size: 170.71652pt x 106.69717pt.

Underfull \hbox (badness 10000) in paragraph at lines 521--525

 []


Underfull \hbox (badness 10000) in paragraph at lines 521--525

 []

<egisci.jpg, id=263, 1195.06268pt x 671.29144pt>
File: egisci.jpg Graphic file (type jpg)
<use egisci.jpg>
Package pdftex.def Info: egisci.jpg  used on input line 528.
(pdftex.def)             Requested size: 170.71652pt x 95.89561pt.

Underfull \hbox (badness 10000) in paragraph at lines 526--529

 []

<felezi.jpg, id=264, 2055.68pt x 1174.3875pt>
File: felezi.jpg Graphic file (type jpg)
<use felezi.jpg>
Package pdftex.def Info: felezi.jpg  used on input line 532.
(pdftex.def)             Requested size: 170.71652pt x 97.51894pt.

Underfull \hbox (badness 10000) in paragraph at lines 530--534

 []


Underfull \hbox (badness 10000) in paragraph at lines 530--534

 []

[19 <./nord.jpg> <./islenici.jpg> <./injines.jpg> <./arabas.jpg> <./egisci.jpg>
 <./felezi.jpg>]
<gerici.jpg, id=269, 963.6pt x 542.025pt>
File: gerici.jpg Graphic file (type jpg)
<use gerici.jpg>
Package pdftex.def Info: gerici.jpg  used on input line 537.
(pdftex.def)             Requested size: 170.71652pt x 96.02194pt.

Underfull \hbox (badness 10000) in paragraph at lines 535--539

 []


Underfull \hbox (badness 10000) in paragraph at lines 535--539

 []

<silvanese.png, id=270, 1003.75pt x 526.96875pt>
File: silvanese.png Graphic file (type png)
<use silvanese.png>
Package pdftex.def Info: silvanese.png  used on input line 542.
(pdftex.def)             Requested size: 170.71652pt x 89.6237pt.

Underfull \hbox (badness 10000) in paragraph at lines 540--543

 []


Underfull \hbox (badness 10000) in paragraph at lines 546--550

 []


Underfull \hbox (badness 10000) in paragraph at lines 546--550

 []

<moonaegisci.jpg, id=271, 1927.2pt x 1084.05pt>
File: moonaegisci.jpg Graphic file (type jpg)
<use moonaegisci.jpg>
Package pdftex.def Info: moonaegisci.jpg  used on input line 551.
(pdftex.def)             Requested size: 199.16928pt x 112.01733pt.
[20 <./gerici.jpg> <./silvanese.png> <./moonaegisci.jpg>]
<islenacultures.png, id=277, 7708.8pt x 4308.095pt>
File: islenacultures.png Graphic file (type png)
<use islenacultures.png>
Package pdftex.def Info: islenacultures.png  used on input line 557.
(pdftex.def)             Requested size: 512.1496pt x 286.21521pt.

Overfull \hbox (28.45273pt too wide) in paragraph at lines 557--558
 [][] 
 []


LaTeX Warning: `h' float specifier changed to `ht'.


LaTeX Warning: `h' float specifier changed to `ht'.

[21 <./islenacultures.png>] [22]
Capitolo 6.
[23

] [24]
Underfull \hbox (badness 10000) in paragraph at lines 690--691
\T1/cmr/m/n/10 Clay-ho-st(M), New-to-w-n-wall(M), Cit-t
 []


Underfull \hbox (badness 10000) in paragraph at lines 690--691
\T1/cmr/m/n/10 di Ze-ta (GC), Boul-se-mi(GC), Wil-
 []

[25] [26] [27] [28] [29] [30]
Capitolo 7.
[31

] [32

] [33]
Capitolo 8.
[34

]
Capitolo 9.
<azuril.png, id=341, 311.1625pt x 443.6575pt>
File: azuril.png Graphic file (type png)
<use azuril.png>
Package pdftex.def Info: azuril.png  used on input line 873.
(pdftex.def)             Requested size: 142.26378pt x 202.8393pt.
[35

 <./azuril.png>] [36]
Capitolo 10.

Underfull \hbox (badness 10000) in paragraph at lines 903--907

 []


Underfull \hbox (badness 10000) in paragraph at lines 908--913

 []


Underfull \hbox (badness 10000) in paragraph at lines 908--913

 []


Underfull \hbox (badness 10000) in paragraph at lines 908--913

 []


Underfull \hbox (badness 10000) in paragraph at lines 914--915

 []


Underfull \hbox (badness 10000) in paragraph at lines 916--918

 []


Underfull \hbox (badness 10000) in paragraph at lines 919--920

 []


Underfull \hbox (badness 10000) in paragraph at lines 921--922

 []

[37

]
Underfull \hbox (badness 10000) in paragraph at lines 930--931

 []


Underfull \hbox (badness 10000) in paragraph at lines 932--934

 []

<incantatrix.png, id=356, 401.5pt x 502.87875pt>
File: incantatrix.png Graphic file (type png)
<use incantatrix.png>
Package pdftex.def Info: incantatrix.png  used on input line 935.
(pdftex.def)             Requested size: 199.16928pt x 249.4667pt.
[38 <./incantatrix.png>]
Underfull \hbox (badness 10000) in paragraph at lines 941--942

 []


Underfull \hbox (badness 10000) in paragraph at lines 943--944

 []


Underfull \hbox (badness 10000) in paragraph at lines 945--947

 []


Overfull \hbox (45.98875pt too wide) in paragraph at lines 950--976
[]  [] 
 []

[39]
Underfull \hbox (badness 10000) in paragraph at lines 982--988

 []


Underfull \hbox (badness 10000) in paragraph at lines 989--994

 []


Underfull \hbox (badness 10000) in paragraph at lines 989--994

 []


Underfull \hbox (badness 10000) in paragraph at lines 989--994

 []


Underfull \hbox (badness 10000) in paragraph at lines 995--996

 []


Underfull \hbox (badness 10000) in paragraph at lines 999--1000

 []


Underfull \hbox (badness 10000) in paragraph at lines 1001--1002

 []


Underfull \hbox (badness 10000) in paragraph at lines 1003--1004

 []

<ldsa.png, id=368, 501.875pt x 501.875pt>
File: ldsa.png Graphic file (type png)
<use ldsa.png>
Package pdftex.def Info: ldsa.png  used on input line 1005.
(pdftex.def)             Requested size: 170.71652pt x 170.71947pt.

Underfull \hbox (badness 10000) in paragraph at lines 1007--1008

 []


Underfull \hbox (badness 10000) in paragraph at lines 1009--1010

 []


Package multicol Warning: I moved some lines to the next page.
(multicol)                Footnotes on page 40 might be wrong on input line 101
0.

[40 <./ldsa.png>]
Underfull \hbox (badness 10000) in paragraph at lines 1011--1012

 []


Underfull \hbox (badness 10000) in paragraph at lines 1013--1014

 []


Underfull \hbox (badness 10000) in paragraph at lines 1022--1023

 []


Underfull \hbox (badness 10000) in paragraph at lines 1024--1025

 []


Underfull \hbox (badness 10000) in paragraph at lines 1026--1027

 []


Overfull \hbox (36.69072pt too wide) in paragraph at lines 1031--1063
[]  [] 
 []

[41]
Capitolo 11.
[42

] (./Guida all'ambientazione di Islena.aux) ) 
Here is how much of TeX's memory you used:
 24159 strings out of 476091
 446629 string characters out of 5794081
 1881330 words of memory out of 5000000
 43969 multiletter control sequences out of 15000+600000
 529991 words of font info for 63 fonts, out of 8000000 for 9000
 1141 hyphenation exceptions out of 8191
 89i,8n,90p,1847b,741s stack positions out of 10000i,1000n,20000p,200000b,200000s
{/usr/share/texmf/fonts/enc/dvips/
cm-super/cm-super-t1.enc}{/usr/share/texmf/fonts/enc/dvips/cm-super/cm-super-ts
1.enc}</usr/share/texmf/fonts/type1/public/cm-super/sfbx1000.pfb></usr/share/te
xmf/fonts/type1/public/cm-super/sfbx1200.pfb></usr/share/texmf/fonts/type1/publ
ic/cm-super/sfbx1440.pfb></usr/share/texmf/fonts/type1/public/cm-super/sfbx2074
.pfb></usr/share/texmf/fonts/type1/public/cm-super/sfbx2488.pfb></usr/share/tex
mf/fonts/type1/public/cm-super/sfrm0500.pfb></usr/share/texmf/fonts/type1/publi
c/cm-super/sfrm0600.pfb></usr/share/texmf/fonts/type1/public/cm-super/sfrm0700.
pfb></usr/share/texmf/fonts/type1/public/cm-super/sfrm0800.pfb></usr/share/texm
f/fonts/type1/public/cm-super/sfrm1000.pfb></usr/share/texmf/fonts/type1/public
/cm-super/sfsl0500.pfb></usr/share/texmf/fonts/type1/public/cm-super/sfti1000.p
fb></usr/share/texmf/fonts/type1/public/cm-super/sftt1000.pfb></usr/share/texmf
/fonts/type1/public/cm-super/sfxc2488.pfb>
Output written on "Guida all'ambientazione di Islena.pdf" (43 pages, 29182661 b
ytes).
PDF statistics:
 580 PDF objects out of 1000 (max. 8388607)
 410 compressed objects within 5 object streams
 90 named destinations out of 1000 (max. 500000)
 661 words of extra memory for PDF output out of 10000 (max. 10000000)

